<?xml version="1.0" encoding="UTF-8"?>
<testsuite name="ohtu.matkakortti.KassapaateTest" tests="4" skipped="0" failures="0" errors="0" timestamp="2020-11-21T10:56:29" hostname="Otsos-MacBook.local" time="0.545">
  <properties/>
  <testcase name="kortiltaVelotetaanHintaJosRahaaOn" classname="ohtu.matkakortti.KassapaateTest" time="0.539"/>
  <testcase name="lataaEiLisaaRahaaJosSummaOnNegatiivinen" classname="ohtu.matkakortti.KassapaateTest" time="0.001"/>
  <testcase name="lataaLisaaRahaaJosSummaOnPositiivinen" classname="ohtu.matkakortti.KassapaateTest" time="0.001"/>
  <testcase name="kortiltaEiVelotetaJosRahaEiRiita" classname="ohtu.matkakortti.KassapaateTest" time="0.002"/>
  <system-out><![CDATA[]]></system-out>
  <system-err><![CDATA[]]></system-err>
</testsuite>
